0 info it worked if it ends with ok
1 verbose cli [ '/usr/bin/nodejs', '/usr/bin/npm', 'run', 'start' ]
2 info using npm@3.10.3
3 info using node@v6.3.1
4 verbose run-script [ 'prestart', 'start', 'poststart' ]
5 info lifecycle gitlab-bot@1.0.0~prestart: gitlab-bot@1.0.0
6 silly lifecycle gitlab-bot@1.0.0~prestart: no script for prestart, continuing
7 info lifecycle gitlab-bot@1.0.0~start: gitlab-bot@1.0.0
8 verbose lifecycle gitlab-bot@1.0.0~start: unsafe-perm in lifecycle true
9 verbose lifecycle gitlab-bot@1.0.0~start: PATH: /usr/lib/node_modules/npm/bin/node-gyp-bin:/home/poussma/projects/oss/mono-repository-tooling/gitlab-bot/node_modules/.bin:/usr/bin:/home/poussma/.cargo/bin:/home/poussma/bin:/usr/local/sbin:/usr/local/bin:/usr/sbin:/usr/bin:/sbin:/bin:/usr/games:/usr/local/games:/usr/lib/jvm/java-9-oracle/bin:/usr/lib/jvm/java-9-oracle/db/bin
10 verbose lifecycle gitlab-bot@1.0.0~start: CWD: /home/poussma/projects/oss/mono-repository-tooling/gitlab-bot
11 silly lifecycle gitlab-bot@1.0.0~start: Args: [ '-c',
11 silly lifecycle   'nodemon src/index.js --exec babel-node --presets es2015,stage-2' ]
12 silly lifecycle gitlab-bot@1.0.0~start: Returned: code: 1  signal: null
13 info lifecycle gitlab-bot@1.0.0~start: Failed to exec start script
14 verbose stack Error: gitlab-bot@1.0.0 start: `nodemon src/index.js --exec babel-node --presets es2015,stage-2`
14 verbose stack Exit status 1
14 verbose stack     at EventEmitter.<anonymous> (/usr/lib/node_modules/npm/lib/utils/lifecycle.js:242:16)
14 verbose stack     at emitTwo (events.js:106:13)
14 verbose stack     at EventEmitter.emit (events.js:191:7)
14 verbose stack     at ChildProcess.<anonymous> (/usr/lib/node_modules/npm/lib/utils/spawn.js:40:14)
14 verbose stack     at emitTwo (events.js:106:13)
14 verbose stack     at ChildProcess.emit (events.js:191:7)
14 verbose stack     at maybeClose (internal/child_process.js:852:16)
14 verbose stack     at Process.ChildProcess._handle.onexit (internal/child_process.js:215:5)
15 verbose pkgid gitlab-bot@1.0.0
16 verbose cwd /home/poussma/projects/oss/mono-repository-tooling/gitlab-bot
17 error Linux 4.2.0-16-generic
18 error argv "/usr/bin/nodejs" "/usr/bin/npm" "run" "start"
19 error node v6.3.1
20 error npm  v3.10.3
21 error code ELIFECYCLE
22 error gitlab-bot@1.0.0 start: `nodemon src/index.js --exec babel-node --presets es2015,stage-2`
22 error Exit status 1
23 error Failed at the gitlab-bot@1.0.0 start script 'nodemon src/index.js --exec babel-node --presets es2015,stage-2'.
23 error Make sure you have the latest version of node.js and npm installed.
23 error If you do, this is most likely a problem with the gitlab-bot package,
23 error not with npm itself.
23 error Tell the author that this fails on your system:
23 error     nodemon src/index.js --exec babel-node --presets es2015,stage-2
23 error You can get information on how to open an issue for this project with:
23 error     npm bugs gitlab-bot
23 error Or if that isn't available, you can get their info via:
23 error     npm owner ls gitlab-bot
23 error There is likely additional logging output above.
24 verbose exit [ 1, true ]
